New log file opened at Tue Jun 16 13:17:32 CEST 2015 by 18054@Remkos-MacBook-Pro.local
Taking next connection to: 59241
New client attempting to connect on port: 59242-59241
  Address = /10.150.6.17:59241
This client on port 59242 has uuid 88eda948-9e20-4e21-9a03-a286c93f3217 configName activator humanReadableName Activator protocolVersion 1 featureTags Vector()
Connected Clients: activator-88eda948-9e20-4e21-9a03-a286c93f3217
Taking next connection to: 59241
New client attempting to connect on port: 59243-59241
  Address = /10.150.6.17:59241
Handshake exception on socket: 59243
sbt.impl.ipc.HandshakeException: Unable to perform handshake
	at sbt.impl.ipc.Peer.handshake(IPC.scala:46)
	at sbt.impl.ipc.MultiClientServer.<init>(IPC.scala:150)
	at sbt.server.SbtServerSocketHandler$$anon$1.run(SbtServerSocketHandler.scala:43)
Caused by: java.io.EOFException
	at java.io.DataInputStream.readInt(DataInputStream.java:392)
	at sbt.impl.ipc.Peer.receive(IPC.scala:95)
	at sbt.impl.ipc.Peer.handshake(IPC.scala:49)
	... 2 more
Taking next connection to: 59241
New client attempting to connect on port: 59244-59241
  Address = /10.150.6.17:59241
This client on port 59244 has uuid 9cef1747-c278-471d-b017-bc4af7d2eefb configName activator humanReadableName Activator protocolVersion 1 featureTags Vector()
Connected Clients: activator-88eda948-9e20-4e21-9a03-a286c93f3217, activator-9cef1747-c278-471d-b017-bc4af7d2eefb
Taking next connection to: 59241
Checking to see if clients are empty...
We have 1 non-daemon clients, continuing serving connections.
Taking next connection to: 59241
Checking to see if clients are empty...
We have 1 non-daemon clients, continuing serving connections.
Taking next connection to: 59241
Checking to see if clients are empty...
We have 1 non-daemon clients, continuing serving connections.
Taking next connection to: 59241
